Arguments: 
  /Users/mfuon/.nvm/versions/node/v14.14.0/bin/node /usr/local/Cellar/yarn/1.22.10/libexec/bin/yarn.js add Could not resolve dependency:

PATH: 
  /Users/mfuon/.nvm/versions/node/v14.14.0/bin:/usr/local/bin:/usr/bin:/bin:/usr/sbin:/sbin:/usr/local/share/dotnet:/opt/X11/bin:~/.dotnet/tools:/Library/Apple/usr/bin:/Library/Frameworks/Mono.framework/Versions/Current/Commands:/Users/mfuon/WebstormProjects/support-be/node_modules/.bin:/Users/mfuon/development/flutter/bin

Yarn version: 
  1.22.10

Node version: 
  14.14.0

Platform: 
  darwin x64

Trace: 
  Error: https://registry.yarnpkg.com/Could: Not found
      at Request.params.callback [as _callback] (/usr/local/Cellar/yarn/1.22.10/libexec/lib/cli.js:66988:18)
      at Request.self.callback (/usr/local/Cellar/yarn/1.22.10/libexec/lib/cli.js:140749:22)
      at Request.emit (events.js:315:20)
      at Request.<anonymous> (/usr/local/Cellar/yarn/1.22.10/libexec/lib/cli.js:141721:10)
      at Request.emit (events.js:315:20)
      at IncomingMessage.<anonymous> (/usr/local/Cellar/yarn/1.22.10/libexec/lib/cli.js:141643:12)
      at Object.onceWrapper (events.js:421:28)
      at IncomingMessage.emit (events.js:327:22)
      at endReadableNT (_stream_readable.js:1327:12)
      at processTicksAndRejections (internal/process/task_queues.js:80:21)

npm manifest: 
  {
    "name": "support-be",
    "version": "1.0.0",
    "description": "",
    "scripts": {
      "build": "yarn run tsc",
      "tsc": "tsc --project tsconfig.compile.json",
      "test": "yarn run test:lint && yarn run test:coverage",
      "test:unit": "cross-env NODE_ENV=test jest",
      "test:coverage": "yarn run test:unit",
      "tsc:w": "tsc --project tsconfig.json -w",
      "start": "nodemon --watch \"src/**/*.ts\" --ignore \"node_modules/**/*\" --exec ts-node src/index.ts",
      "start:prod": "cross-env NODE_ENV=production node dist/index.js",
      "docker:build": "yarn build && docker-compose build",
      "deploy": "exit 0"
    },
    "author": "Mfuon",
    "license": "MIT",
    "dependencies": {
      "@tsed/ajv": "^6.62.2",
      "@tsed/common": "^6.62.2",
      "@tsed/core": "^6.62.2",
      "@tsed/di": "^6.62.2",
      "@tsed/exceptions": "^6.62.2",
      "@tsed/json-mapper": "^6.62.2",
      "@tsed/mongoose": "^6.62.2",
      "@tsed/passport": "^6.62.2",
      "@tsed/platform-express": "^6.62.2",
      "@tsed/schema": "^6.62.2",
      "@tsed/socketio": "^6.62.2",
      "@tsed/swagger": "^6.62.2",
      "@tsed/typeorm": "^6.62.2",
      "ajv": "^8.6.2",
      "body-parser": "^1.19.0",
      "compression": "^1.7.4",
      "cookie-parser": "^1.4.5",
      "cors": "^2.8.5",
      "cross-env": "^7.0.3",
      "dotenv": "^10.0.0",
      "express": "^4.17.1",
      "method-override": "^3.0.0",
      "mongodb": "^4.1.0",
      "mongoose": "^5.13.7",
      "passport": "^0.4.1",
      "socket.io": "^4.1.3",
      "typeorm": "^0.2.36",
      "typescript": "^4.3.5"
    },
    "devDependencies": {
      "@tsed/cli-plugin-eslint": "3.5.0",
      "@tsed/cli-plugin-jest": "3.5.0",
      "@tsed/cli-plugin-passport": "3.5.0",
      "@tsed/cli-plugin-typeorm": "3.5.0"
    },
    "tsed": {
      "packageManager": "yarn",
      "convention": "default"
    }
  }

yarn manifest: 
  No manifest

Lockfile: 
  No lockfile
